TN:
SF:/Users/Ghobashy2/Projects/gecko-board/gecko-meter-ng/src/polyfills.ts
FNF:0
FNH:0
DA:46,1
DA:73,1
LF:2
LH:2
BRF:0
BRH:0
end_of_record
TN:
SF:/Users/Ghobashy2/Projects/gecko-board/gecko-meter-ng/src/test.ts
FNF:0
FNH:0
DA:3,1
DA:4,1
DA:5,1
DA:13,1
DA:18,1
DA:20,1
LF:6
LH:6
BRF:0
BRH:0
end_of_record
TN:
SF:/Users/Ghobashy2/Projects/gecko-board/gecko-meter-ng/src/app/app.component.ts
FN:8,(anonymous_1)
FNF:1
FNH:1
FNDA:2,(anonymous_1)
DA:1,1
DA:8,1
DA:9,1
LF:3
LH:3
BRF:0
BRH:0
end_of_record
TN:
SF:/Users/Ghobashy2/Projects/gecko-board/gecko-meter-ng/src/app/config/api.config.ts
FNF:0
FNH:0
DA:1,1
LF:1
LH:1
BRF:0
BRH:0
end_of_record
TN:
SF:/Users/Ghobashy2/Projects/gecko-board/gecko-meter-ng/src/app/config/error.config.ts
FNF:0
FNH:0
DA:1,1
LF:1
LH:1
BRF:0
BRH:0
end_of_record
TN:
SF:/Users/Ghobashy2/Projects/gecko-board/gecko-meter-ng/src/app/dashboard/dashboard-routing.module.ts
FN:22,(anonymous_1)
FNF:1
FNH:1
FNDA:1,(anonymous_1)
DA:1,1
DA:2,1
DA:3,1
DA:5,1
DA:22,1
LF:5
LH:5
BRF:0
BRH:0
end_of_record
TN:
SF:/Users/Ghobashy2/Projects/gecko-board/gecko-meter-ng/src/app/dashboard/dashboard.module.ts
FN:18,(anonymous_1)
FNF:1
FNH:1
FNDA:2,(anonymous_1)
DA:1,1
DA:2,1
DA:6,1
DA:7,1
DA:8,1
DA:18,1
LF:6
LH:6
BRF:0
BRH:0
end_of_record
TN:
SF:/Users/Ghobashy2/Projects/gecko-board/gecko-meter-ng/src/app/dashboard/home/home.component.ts
FN:29,(anonymous_2)
FN:48,HomeComponent
FN:53,(anonymous_4)
FN:60,(anonymous_5)
FN:62,(anonymous_6)
FN:69,(anonymous_7)
FN:78,(anonymous_8)
FN:85,(anonymous_9)
FN:98,(anonymous_10)
FN:105,(anonymous_11)
FN:116,(anonymous_12)
FNF:11
FNH:11
FNDA:1,(anonymous_2)
FNDA:12,HomeComponent
FNDA:1,(anonymous_4)
FNDA:3,(anonymous_5)
FNDA:1,(anonymous_6)
FNDA:2,(anonymous_7)
FNDA:2,(anonymous_8)
FNDA:5,(anonymous_9)
FNDA:1,(anonymous_10)
FNDA:2,(anonymous_11)
FNDA:1,(anonymous_12)
DA:1,1
DA:2,1
DA:3,1
DA:4,1
DA:29,1
DA:31,12
DA:37,12
DA:38,12
DA:39,12
DA:40,12
DA:42,12
DA:48,12
DA:53,1
DA:54,1
DA:60,3
DA:61,3
DA:62,3
DA:63,1
DA:64,1
DA:65,1
DA:66,1
DA:67,1
DA:70,2
DA:78,1
DA:79,2
DA:85,5
DA:87,5
DA:88,2
DA:89,2
DA:90,2
DA:91,1
DA:94,3
DA:95,3
DA:96,3
DA:97,3
DA:98,3
DA:99,1
DA:100,1
DA:101,1
DA:102,1
DA:103,1
DA:106,2
DA:107,2
DA:108,2
DA:116,1
DA:117,1
DA:118,1
DA:121,1
LF:48
LH:48
BRDA:64,0,0,1
BRDA:64,0,1,0
BRDA:70,1,0,1
BRDA:70,1,1,1
BRDA:87,2,0,2
BRDA:87,2,1,3
BRDA:90,3,0,1
BRDA:90,3,1,1
BRDA:94,4,0,3
BRDA:94,4,1,0
BRDA:100,5,0,1
BRDA:100,5,1,0
BRDA:106,6,0,1
BRDA:106,6,1,1
BRF:14
BRH:11
end_of_record
TN:
SF:/Users/Ghobashy2/Projects/gecko-board/gecko-meter-ng/src/app/shared/shared.module.ts
FN:26,(anonymous_1)
FNF:1
FNH:1
FNDA:2,(anonymous_1)
DA:1,1
DA:2,1
DA:3,1
DA:4,1
DA:5,1
DA:6,1
DA:26,1
LF:7
LH:7
BRF:0
BRH:0
end_of_record
TN:
SF:/Users/Ghobashy2/Projects/gecko-board/gecko-meter-ng/src/app/shared/component/button/button.component.ts
FN:9,(anonymous_2)
FN:17,ButtonComponent
FN:19,(anonymous_4)
FN:22,(anonymous_5)
FNF:4
FNH:3
FNDA:1,(anonymous_2)
FNDA:13,ButtonComponent
FNDA:13,(anonymous_4)
FNDA:0,(anonymous_5)
DA:1,1
DA:9,1
DA:12,13
DA:14,13
DA:16,13
DA:19,1
DA:22,1
DA:23,0
DA:26,1
LF:9
LH:8
BRF:0
BRH:0
end_of_record
TN:
SF:/Users/Ghobashy2/Projects/gecko-board/gecko-meter-ng/src/app/shared/component/meter-gauge/meter-gauge.component.ts
FN:8,(anonymous_2)
FN:32,MeterGaugeComponent
FN:44,(anonymous_4)
FN:52,(anonymous_5)
FN:60,(anonymous_6)
FNF:5
FNH:2
FNDA:1,(anonymous_2)
FNDA:1,MeterGaugeComponent
FNDA:0,(anonymous_4)
FNDA:0,(anonymous_5)
FNDA:0,(anonymous_6)
DA:1,1
DA:8,1
DA:11,1
DA:14,1
DA:16,1
DA:18,1
DA:20,1
DA:22,1
DA:24,1
DA:32,1
DA:44,1
DA:45,0
DA:52,1
DA:53,0
DA:54,0
DA:55,0
DA:60,1
DA:61,0
DA:62,0
DA:63,0
DA:70,1
LF:21
LH:14
BRF:0
BRH:0
end_of_record
TN:
SF:/Users/Ghobashy2/Projects/gecko-board/gecko-meter-ng/src/app/shared/models/meter-config.interface.ts
FN:9,(anonymous_0)
FNF:1
FNH:1
FNDA:1,(anonymous_0)
DA:9,1
DA:10,1
LF:2
LH:2
BRDA:9,0,0,1
BRDA:9,0,1,1
BRF:2
BRH:2
end_of_record
TN:
SF:/Users/Ghobashy2/Projects/gecko-board/gecko-meter-ng/src/app/shared/models/meter-mode.enum.ts
FN:1,(anonymous_0)
FN:6,(anonymous_1)
FNF:2
FNH:2
FNDA:1,(anonymous_0)
FNDA:1,(anonymous_1)
DA:1,1
DA:2,1
DA:3,1
DA:6,1
DA:7,1
DA:8,1
DA:9,1
LF:7
LH:7
BRDA:1,0,0,1
BRDA:1,0,1,1
BRDA:6,1,0,1
BRDA:6,1,1,1
BRF:4
BRH:4
end_of_record
TN:
SF:/Users/Ghobashy2/Projects/gecko-board/gecko-meter-ng/src/app/shared/services/config.service.ts
FN:11,(anonymous_2)
FN:13,ConfigService
FN:30,(anonymous_4)
FN:32,(anonymous_5)
FN:35,(anonymous_6)
FN:52,(anonymous_7)
FN:55,(anonymous_8)
FNF:7
FNH:2
FNDA:1,(anonymous_2)
FNDA:1,ConfigService
FNDA:0,(anonymous_4)
FNDA:0,(anonymous_5)
FNDA:0,(anonymous_6)
FNDA:0,(anonymous_7)
FNDA:0,(anonymous_8)
DA:2,1
DA:3,1
DA:4,1
DA:5,1
DA:6,1
DA:7,1
DA:11,1
DA:13,1
DA:30,1
DA:31,0
DA:33,0
DA:36,0
DA:37,0
DA:38,0
DA:40,0
DA:41,0
DA:42,0
DA:43,0
DA:44,0
DA:45,0
DA:47,0
DA:52,1
DA:53,0
DA:55,0
DA:59,1
LF:25
LH:11
BRDA:37,0,0,0
BRDA:37,0,1,0
BRDA:37,1,0,0
BRDA:37,1,1,0
BRDA:37,1,2,0
BRDA:40,2,0,0
BRDA:40,2,1,0
BRDA:42,3,0,0
BRDA:42,3,1,0
BRDA:44,4,0,0
BRDA:44,4,1,0
BRF:11
BRH:0
end_of_record
